2025-01-12 10:18:00 | WARN | repo=2017-course-sys-int-activemq-seminar | action=commit
2025-12-04 21:14:00 | WARN | repo=2017-course-sys-int-activemq-seminar | action=edit | files=2
2025-11-03 18:33:00 | WARN | repo=2017-course-sys-int-activemq-seminar | action=test | passed=true
2025-03-17 16:35:00 | WARN | repo=2017-course-sys-int-activemq-seminar | action=commit
2025-06-27 21:52:00 | WARN | repo=2017-course-sys-int-activemq-seminar | action=commit
2025-09-05 07:24:00 | INFO | repo=2017-course-sys-int-activemq-seminar | action=commit
2025-04-15 17:55:00 | DEBUG | repo=2017-course-sys-int-activemq-seminar | action=edit | files=1
2025-08-22 09:56:00 | WARN | repo=2017-course-sys-int-activemq-seminar | action=commit
2025-03-27 07:47:00 | DEBUG | repo=2017-course-sys-int-activemq-seminar | action=commit
2025-11-09 11:02:00 | INFO | repo=2017-course-sys-int-activemq-seminar | action=commit
2025-11-15 09:53:00 | INFO | repo=2017-course-sys-int-activemq-seminar | action=commit
2025-09-23 08:03:00 | DEBUG | repo=2017-course-sys-int-activemq-seminar | action=commit
2025-02-26 13:20:00 | INFO | repo=2017-course-sys-int-activemq-seminar | action=commit
2025-12-25 10:17:00 | INFO | repo=2017-course-sys-int-activemq-seminar | action=edit | files=5
2025-06-28 16:31:00 | INFO | repo=2017-course-sys-int-activemq-seminar | action=commit
2025-12-22 12:02:00 | INFO | repo=2017-course-sys-int-activemq-seminar | action=edit | files=4
2025-07-26 18:55:00 | DEBUG | repo=2017-course-sys-int-activemq-seminar | action=commit
2025-05-28 15:54:00 | DEBUG | repo=2017-course-sys-int-activemq-seminar | action=pull
2025-08-15 10:23:00 | INFO | repo=2017-course-sys-int-activemq-seminar | action=commit
2025-10-11 11:03:00 | WARN | repo=2017-course-sys-int-activemq-seminar | action=commit
2025-12-10 20:57:00 | WARN | repo=2017-course-sys-int-activemq-seminar | action=test | passed=true
2025-11-20 18:10:00 | DEBUG | repo=2017-course-sys-int-activemq-seminar | action=commit
2025-03-07 09:45:00 | DEBUG | repo=2017-course-sys-int-activemq-seminar | action=edit | files=2
2025-07-05 15:53:00 | INFO | repo=2017-course-sys-int-activemq-seminar | action=commit
2025-08-04 21:22:00 | INFO | repo=2017-course-sys-int-activemq-seminar | action=commit
2025-12-03 07:03:00 | WARN | repo=2017-course-sys-int-activemq-seminar | action=commit
